Unity Editor version:    2020.3.27f1 (e759542391ea)
Branch:                  2020.3/release
Build type:              Release
Batch mode:              YES
macOS version:           Version 12.2 (Build 21D49)
Darwin version:          21.3.0
Architecture:            x86_64
Running under Rosetta:   YES
Available memory:        16384 MB
Using pre-set license
Pro License: NO

COMMAND LINE ARGUMENTS:
/Applications/Unity/Hub/Editor/2020.3.27f1/Unity.app/Contents/MacOS/Unity
-adb2
-batchMode
-noUpm
-name
AssetImportWorker0
-projectPath
/Users/honeyboy/Development/music_gameplay/potentiality_music_repo/Proteusque
-logFile
Logs/AssetImportWorker0.log
-srvPort
61310
Successfully changed project path to: /Users/honeyboy/Development/music_gameplay/potentiality_music_repo/Proteusque
/Users/honeyboy/Development/music_gameplay/potentiality_music_repo/Proteusque
Using Asset Import Pipeline V2.
Refreshing native plugins compatible for Editor in 56.96 ms, found 3 plugins.
Preloading 0 native plugins for Editor in 0.00 ms.
Initialize engine version: 2020.3.27f1 (e759542391ea)
[Subsystems] Discovering subsystems at path /Applications/Unity/Hub/Editor/2020.3.27f1/Unity.app/Contents/Resources/UnitySubsystems
[Subsystems] Discovering subsystems at path /Users/honeyboy/Development/music_gameplay/potentiality_music_repo/Proteusque/Assets
GfxDevice: creating device client; threaded=0
2022-04-18 14:43:01.523 Unity[14855:5808680] (null) preferred device: Apple M1 Pro (high power)
2022-04-18 14:43:01.523 Unity[14855:5808680] Metal devices available: 1
2022-04-18 14:43:01.523 Unity[14855:5808680] 0: Apple M1 Pro (high power)
2022-04-18 14:43:01.523 Unity[14855:5808680] Using device Apple M1 Pro (high power)
Initializing Metal device caps: Apple M1 Pro
Initialize mono
Mono path[0] = '/Applications/Unity/Hub/Editor/2020.3.27f1/Unity.app/Contents/Managed'
Mono path[1] = '/Applications/Unity/Hub/Editor/2020.3.27f1/Unity.app/Contents/MonoBleedingEdge/lib/mono/unityjit'
Mono config path = '/Applications/Unity/Hub/Editor/2020.3.27f1/Unity.app/Contents/MonoBleedingEdge/etc'
Using monoOptions --debugger-agent=transport=dt_socket,embedding=1,server=y,suspend=n,address=127.0.0.1:56855
Begin MonoManager ReloadAssembly
Registering precompiled unity dll's ...
Register platform support module: /Applications/Unity/Hub/Editor/2020.3.27f1/Unity.app/Contents/PlaybackEngines/MacStandaloneSupport/UnityEditor.OSXStandalone.Extensions.dll
Register platform support module: /Applications/Unity/Hub/Editor/2020.3.27f1/PlaybackEngines/WindowsStandaloneSupport/UnityEditor.WindowsStandalone.Extensions.dll
Registered in 0.002311 seconds.
Native extension for WindowsStandalone target not found
Native extension for OSXStandalone target not found
Refreshing native plugins compatible for Editor in 50.33 ms, found 3 plugins.
Preloading 0 native plugins for Editor in 0.00 ms.
Mono: successfully reloaded assembly
- Completed reload, in  1.231 seconds
Domain Reload Profiling:
	ReloadAssembly (1231ms)
		BeginReloadAssembly (101ms)
			ExecutionOrderSort (0ms)
			DisableScriptedObjects (0ms)
			BackupInstance (0ms)
			ReleaseScriptingObjects (0ms)
			CreateAndSetChildDomain (3ms)
		EndReloadAssembly (1020ms)
			LoadAssemblies (100ms)
			RebuildTransferFunctionScriptingTraits (0ms)
			SetupTypeCache (172ms)
			ReleaseScriptCaches (0ms)
			RebuildScriptCaches (41ms)
			SetupLoadedEditorAssemblies (519ms)
				LogAssemblyErrors (0ms)
				InitializePlatformSupportModulesInManaged (14ms)
				SetLoadedEditorAssemblies (1ms)
				RefreshPlugins (50ms)
				BeforeProcessingInitializeOnLoad (34ms)
				ProcessInitializeOnLoadAttributes (314ms)
				ProcessInitializeOnLoadMethodAttributes (106ms)
				AfterProcessingInitializeOnLoad (0ms)
				EditorAssembliesLoaded (1ms)
			ExecutionOrderSort2 (0ms)
			AwakeInstancesAfterBackupRestoration (0ms)
Platform modules already initialized, skipping
Registering precompiled user dll's ...
Registered in 0.005423 seconds.
Begin MonoManager ReloadAssembly
Native extension for WindowsStandalone target not found
Native extension for OSXStandalone target not found
Refreshing native plugins compatible for Editor in 44.72 ms, found 3 plugins.
Preloading 0 native plugins for Editor in 0.00 ms.
Refreshing native plugins compatible for Editor in 0.76 ms, found 3 plugins.
Fallback handler could not load library /Applications/Unity/Hub/Editor/2020.3.27f1/Unity.app/Contents/Frameworks/Mono/lib/libadvapi32.dll
Fallback handler could not load library /Applications/Unity/Hub/Editor/2020.3.27f1/Unity.app/Contents/Frameworks/Mono/lib/libadvapi32.dll.dylib
Fallback handler could not load library /Applications/Unity/Hub/Editor/2020.3.27f1/Unity.app/Contents/Frameworks/Mono/lib/libadvapi32.dll.so
Fallback handler could not load library /Applications/Unity/Hub/Editor/2020.3.27f1/Unity.app/Contents/Frameworks/Mono/lib/libadvapi32.dll.bundle
Fallback handler could not load library /Applications/Unity/Hub/Editor/2020.3.27f1/Unity.app/Contents/Frameworks/Mono/lib/advapi32.dll
Fallback handler could not load library /Applications/Unity/Hub/Editor/2020.3.27f1/Unity.app/Contents/Frameworks/Mono/lib/libadvapi32
Fallback handler could not load library /Applications/Unity/Hub/Editor/2020.3.27f1/Unity.app/Contents/Frameworks/Mono/lib/libadvapi32.dylib
Fallback handler could not load library /Applications/Unity/Hub/Editor/2020.3.27f1/Unity.app/Contents/Frameworks/Mono/lib/libadvapi32.so
Fallback handler could not load library /Applications/Unity/Hub/Editor/2020.3.27f1/Unity.app/Contents/Frameworks/Mono/lib/libadvapi32.bundle
Fallback handler could not load library /Applications/Unity/Hub/Editor/2020.3.27f1/Unity.app/Contents/Frameworks/Mono/lib/advapi32
Fallback handler could not load library /Applications/Unity/Hub/Editor/2020.3.27f1/Unity.app/Contents/Frameworks/Mono/lib/libadvapi32.dll
Fallback handler could not load library /Applications/Unity/Hub/Editor/2020.3.27f1/Unity.app/Contents/Frameworks/Mono/lib/libadvapi32.dll.dylib
Fallback handler could not load library /Applications/Unity/Hub/Editor/2020.3.27f1/Unity.app/Contents/Frameworks/Mono/lib/libadvapi32.dll.so
Fallback handler could not load library /Applications/Unity/Hub/Editor/2020.3.27f1/Unity.app/Contents/Frameworks/Mono/lib/libadvapi32.dll.bundle
Fallback handler could not load library /Applications/Unity/Hub/Editor/2020.3.27f1/Unity.app/Contents/Frameworks/Mono/lib/libadvapi32.dll
Fallback handler could not load library /Applications/Unity/Hub/Editor/2020.3.27f1/Unity.app/Contents/Frameworks/Mono/lib/libadvapi32.dll
Fallback handler could not load library /Applications/Unity/Hub/Editor/2020.3.27f1/Unity.app/Contents/Frameworks/Mono/lib/libadvapi32.dll.dylib
Fallback handler could not load library /Applications/Unity/Hub/Editor/2020.3.27f1/Unity.app/Contents/Frameworks/Mono/lib/libadvapi32.dll.so
Fallback handler could not load library /Applications/Unity/Hub/Editor/2020.3.27f1/Unity.app/Contents/Frameworks/Mono/lib/libadvapi32.dll.bundle
Fallback handler could not load library /Applications/Unity/Hub/Editor/2020.3.27f1/Unity.app/Contents/Frameworks/Mono/lib/advapi32.dll
Fallback handler could not load library /Applications/Unity/Hub/Editor/2020.3.27f1/Unity.app/Contents/Frameworks/Mono/lib/libadvapi32
Fallback handler could not load library /Applications/Unity/Hub/Editor/2020.3.27f1/Unity.app/Contents/Frameworks/Mono/lib/libadvapi32.dylib
Fallback handler could not load library /Applications/Unity/Hub/Editor/2020.3.27f1/Unity.app/Contents/Frameworks/Mono/lib/libadvapi32.so
Fallback handler could not load library /Applications/Unity/Hub/Editor/2020.3.27f1/Unity.app/Contents/Frameworks/Mono/lib/libadvapi32.bundle
Fallback handler could not load library /Applications/Unity/Hub/Editor/2020.3.27f1/Unity.app/Contents/Frameworks/Mono/lib/advapi32
Fallback handler could not load library /Applications/Unity/Hub/Editor/2020.3.27f1/Unity.app/Contents/Frameworks/Mono/lib/libadvapi32.dll
Fallback handler could not load library /Applications/Unity/Hub/Editor/2020.3.27f1/Unity.app/Contents/Frameworks/Mono/lib/libadvapi32.dll.dylib
Fallback handler could not load library /Applications/Unity/Hub/Editor/2020.3.27f1/Unity.app/Contents/Frameworks/Mono/lib/libadvapi32.dll.so
Fallback handler could not load library /Applications/Unity/Hub/Editor/2020.3.27f1/Unity.app/Contents/Frameworks/Mono/lib/libadvapi32.dll.bundle
Fallback handler could not load library /Applications/Unity/Hub/Editor/2020.3.27f1/Unity.app/Contents/Frameworks/Mono/lib/libadvapi32.dll
Fallback handler could not load library /Applications/Unity/Hub/Editor/2020.3.27f1/Unity.app/Contents/Frameworks/Mono/lib/libKernel32
Fallback handler could not load library /Applications/Unity/Hub/Editor/2020.3.27f1/Unity.app/Contents/Frameworks/Mono/lib/libKernel32.dylib
Fallback handler could not load library /Applications/Unity/Hub/Editor/2020.3.27f1/Unity.app/Contents/Frameworks/Mono/lib/libKernel32.so
Fallback handler could not load library /Applications/Unity/Hub/Editor/2020.3.27f1/Unity.app/Contents/Frameworks/Mono/lib/libKernel32.bundle
Fallback handler could not load library /Applications/Unity/Hub/Editor/2020.3.27f1/Unity.app/Contents/Frameworks/Mono/lib/Kernel32
Fallback handler could not load library /Applications/Unity/Hub/Editor/2020.3.27f1/Unity.app/Contents/Frameworks/Mono/lib/libKernel32
Fallback handler could not load library /Applications/Unity/Hub/Editor/2020.3.27f1/Unity.app/Contents/Frameworks/Mono/lib/libKernel32.dylib
Fallback handler could not load library /Applications/Unity/Hub/Editor/2020.3.27f1/Unity.app/Contents/Frameworks/Mono/lib/libKernel32.so
Fallback handler could not load library /Applications/Unity/Hub/Editor/2020.3.27f1/Unity.app/Contents/Frameworks/Mono/lib/libKernel32.bundle
Fallback handler could not load library /Applications/Unity/Hub/Editor/2020.3.27f1/Unity.app/Contents/Frameworks/Mono/lib/libKernel32
DisplayProgressbar: Populating Wwise Picker
Mono: successfully reloaded assembly
- Completed reload, in  3.858 seconds
Domain Reload Profiling:
	ReloadAssembly (3861ms)
		BeginReloadAssembly (239ms)
			ExecutionOrderSort (0ms)
			DisableScriptedObjects (30ms)
			BackupInstance (0ms)
			ReleaseScriptingObjects (0ms)
			CreateAndSetChildDomain (30ms)
		EndReloadAssembly (3534ms)
			LoadAssemblies (188ms)
			RebuildTransferFunctionScriptingTraits (0ms)
			SetupTypeCache (348ms)
			ReleaseScriptCaches (1ms)
			RebuildScriptCaches (61ms)
			SetupLoadedEditorAssemblies (2633ms)
				LogAssemblyErrors (0ms)
				InitializePlatformSupportModulesInManaged (11ms)
				SetLoadedEditorAssemblies (0ms)
				RefreshPlugins (45ms)
				BeforeProcessingInitializeOnLoad (160ms)
				ProcessInitializeOnLoadAttributes (2341ms)
				ProcessInitializeOnLoadMethodAttributes (75ms)
				AfterProcessingInitializeOnLoad (1ms)
				EditorAssembliesLoaded (0ms)
			ExecutionOrderSort2 (0ms)
			AwakeInstancesAfterBackupRestoration (33ms)
Platform modules already initialized, skipping
Validating Project structure ... 0.005953 seconds.
Shader import version has changed; will reimport all shaders...
Upgrading shader files ...0.007314 seconds.
Application.AssetDatabase Initial Script Refresh Start
RefreshInfo: InitialScriptRefreshV2(NoUpdateAssetOptions) scanfilter:  ... 1 filters
RefreshProfiler: Total: 0.000ms
Application.AssetDatabase Initial Script Refresh End
Application.AssetDatabase.Refresh Start
Application.AssetDatabase.Refresh End
RefreshInfo: StopAssetImportingV2(ForceSynchronousImport) scanfilter: 
RefreshProfiler: Total: 0.000ms
Launching external process: /Applications/Unity/Hub/Editor/2020.3.27f1/Unity.app/Contents/Tools/UnityShaderCompiler
Launched and connected shader compiler UnityShaderCompiler after 0.03 seconds
Initializing Unity extensions:
2022-04-18 14:43:08.672 Unity[14855:5808680] NSEventModifierFlagFunction specified to -setKeyEquivalentModifierMask: for item <NSMenuItem: 0x600003a04770 Font Asset, ke='Command-F12'>, but is only supported for system-provided menu items; will not be used
2022-04-18 14:43:08.676 Unity[14855:5808680] NSEventModifierFlagFunction specified to -setKeyEquivalentModifierMask: for item <NSMenuItem: 0x600003a7cf50 Font Asset, ke='Command-F12'>, but is only supported for system-provided menu items; will not be used
========================================================================
Worker process is ready to serve import requests
Refreshing native plugins compatible for Editor in 0.67 ms, found 3 plugins.
Preloading 0 native plugins for Editor in 0.00 ms.
Unloading 2550 Unused Serialized files (Serialized files now loaded: 0)
System memory in use before: 266.0 MB.
System memory in use after: 265.2 MB.

Unloading 255 unused Assets to reduce memory usage. Loaded Objects now: 2986.
Total: 3.844458 ms (FindLiveObjects: 0.199708 ms CreateObjectMapping: 0.062750 ms MarkObjects: 3.106959 ms  DeleteObjects: 0.473834 ms)

AssetImportParameters requested are different than current active one (requested -> active):
  custom:video-decoder-ogg-theora: a1e56fd34408186e4bbccfd4996cb3dc -> 
  custom:container-muxer-webm: aa71ff27fc2769a1b78a27578f13a17b -> 
  custom:container-demuxer-webm: 4f35f7cbe854078d1ac9338744f61a02 -> 
  custom:container-demuxer-ogg: 62fdf1f143b41e24485cea50d1cbac27 -> 
  custom:video-encoder-webm-vp8: eb34c28f22e8b96e1ab97ce403110664 -> 
  custom:framework-osx-AVFoundation: e770b220cccbd017edd2c1fefb359320 -> 
  custom:video-decoder-webm-vp8: 9c59270c3fd7afecdb556c50c9e8de78 -> 
  custom:audio-decoder-ogg-vorbis: bf7c407c2cedff20999df2af8eb42d56 -> 
  custom:audio-encoder-webm-vorbis: bf7c407c2cedff20999df2af8eb42d56 -> 
========================================================================
Received Import Request.
  path: Assets/Textures/3D dirt.terrainlayer
  artifactKey: Guid(da2e209be5ca744fea177d62c3719f40) Importer(815301076,1909f56bfc062723c751e8b465ee728b)
Start importing Assets/Textures/3D dirt.terrainlayer using Guid(da2e209be5ca744fea177d62c3719f40) Importer(815301076,1909f56bfc062723c751e8b465ee728b)  -> (artifact id: '0c186693596eed818a607adbc60ee031') in 0.220042 seconds 
  Import took 0.225885 seconds .

========================================================================
Received Import Request.
  Time since last request: 172.445865 seconds.
  path: Assets/Textures/desertrock
  artifactKey: Guid(15a6f3bf69a1d4ea79b2c07cca4ce2d8) Importer(815301076,1909f56bfc062723c751e8b465ee728b)
Start importing Assets/Textures/desertrock using Guid(15a6f3bf69a1d4ea79b2c07cca4ce2d8) Importer(815301076,1909f56bfc062723c751e8b465ee728b)  -> (artifact id: 'b67a9b568e7a398bc267af2d40361874') in 0.002890 seconds 
  Import took 0.022639 seconds .

========================================================================
Received Import Request.
  Time since last request: 44.016748 seconds.
  path: Assets/Textures/desertrock/rock_pitted_mossy_nor_gl_2k.exr
  artifactKey: Guid(c05177f4e2b9a43f8bc5103ffc84382a) Importer(815301076,1909f56bfc062723c751e8b465ee728b)
Start importing Assets/Textures/desertrock/rock_pitted_mossy_nor_gl_2k.exr using Guid(c05177f4e2b9a43f8bc5103ffc84382a) Importer(815301076,1909f56bfc062723c751e8b465ee728b)  -> (artifact id: 'b6ffb664012cf40661d3efce55eaf422') in 0.667053 seconds 
  Import took 0.677051 seconds .

========================================================================
Received Import Request.
  Time since last request: 5.377840 seconds.
  path: Assets/Textures/desertrock/rock_pitted_mossy_nor_gl_2k.exr
  artifactKey: Guid(c05177f4e2b9a43f8bc5103ffc84382a) Importer(815301076,1909f56bfc062723c751e8b465ee728b)
Start importing Assets/Textures/desertrock/rock_pitted_mossy_nor_gl_2k.exr using Guid(c05177f4e2b9a43f8bc5103ffc84382a) Importer(815301076,1909f56bfc062723c751e8b465ee728b)  -> (artifact id: '322959829a47f2b81cbc0551ae26d6c2') in 0.037385 seconds 
  Import took 0.040383 seconds .

========================================================================
Received Import Request.
  Time since last request: 13.317260 seconds.
  path: Assets/Textures/desertrock.terrainlayer
  artifactKey: Guid(dca9cbd36c4924f149ec04c313389860) Importer(815301076,1909f56bfc062723c751e8b465ee728b)
Start importing Assets/Textures/desertrock.terrainlayer using Guid(dca9cbd36c4924f149ec04c313389860) Importer(815301076,1909f56bfc062723c751e8b465ee728b)  -> (artifact id: '2d856e0dc51db9f1ba88e034b9a942ab') in 0.006369 seconds 
  Import took 0.012185 seconds .

========================================================================
Received Import Request.
  Time since last request: 5.844431 seconds.
  path: Assets/Textures/desertrock/rock_pitted_mossy_diff_2k.jpg
  artifactKey: Guid(640ae5b4e64cd4afcbfd8494a43bf9a0) Importer(815301076,1909f56bfc062723c751e8b465ee728b)
Start importing Assets/Textures/desertrock/rock_pitted_mossy_diff_2k.jpg using Guid(640ae5b4e64cd4afcbfd8494a43bf9a0) Importer(815301076,1909f56bfc062723c751e8b465ee728b)  -> (artifact id: '0e876f76a9f71229ff3bee03f4454929') in 0.697407 seconds 
  Import took 0.702977 seconds .

========================================================================
Received Prepare
Registering precompiled user dll's ...
Registered in 0.008780 seconds.
Begin MonoManager ReloadAssembly
Native extension for WindowsStandalone target not found
Native extension for OSXStandalone target not found
Refreshing native plugins compatible for Editor in 0.82 ms, found 3 plugins.
Preloading 0 native plugins for Editor in 0.00 ms.
2022-04-18 14:51:00.311 Unity[14855:5808680] NSEventModifierFlagFunction specified to -setKeyEquivalentModifierMask: for item <NSMenuItem: 0x600003a61f10 Font Asset, ke='Command-F12'>, but is only supported for system-provided menu items; will not be used
Refreshing native plugins compatible for Editor in 0.77 ms, found 3 plugins.
Fallback handler could not load library /Applications/Unity/Hub/Editor/2020.3.27f1/Unity.app/Contents/Frameworks/Mono/lib/libadvapi32.dll
Fallback handler could not load library /Applications/Unity/Hub/Editor/2020.3.27f1/Unity.app/Contents/Frameworks/Mono/lib/libadvapi32.dll.dylib
Fallback handler could not load library /Applications/Unity/Hub/Editor/2020.3.27f1/Unity.app/Contents/Frameworks/Mono/lib/libadvapi32.dll.so
Fallback handler could not load library /Applications/Unity/Hub/Editor/2020.3.27f1/Unity.app/Contents/Frameworks/Mono/lib/libadvapi32.dll.bundle
Fallback handler could not load library /Applications/Unity/Hub/Editor/2020.3.27f1/Unity.app/Contents/Frameworks/Mono/lib/advapi32.dll
Fallback handler could not load library /Applications/Unity/Hub/Editor/2020.3.27f1/Unity.app/Contents/Frameworks/Mono/lib/libadvapi32
Fallback handler could not load library /Applications/Unity/Hub/Editor/2020.3.27f1/Unity.app/Contents/Frameworks/Mono/lib/libadvapi32.dylib
Fallback handler could not load library /Applications/Unity/Hub/Editor/2020.3.27f1/Unity.app/Contents/Frameworks/Mono/lib/libadvapi32.so
Fallback handler could not load library /Applications/Unity/Hub/Editor/2020.3.27f1/Unity.app/Contents/Frameworks/Mono/lib/libadvapi32.bundle
Fallback handler could not load library /Applications/Unity/Hub/Editor/2020.3.27f1/Unity.app/Contents/Frameworks/Mono/lib/advapi32
Fallback handler could not load library /Applications/Unity/Hub/Editor/2020.3.27f1/Unity.app/Contents/Frameworks/Mono/lib/libadvapi32.dll
Fallback handler could not load library /Applications/Unity/Hub/Editor/2020.3.27f1/Unity.app/Contents/Frameworks/Mono/lib/libadvapi32.dll.dylib
Fallback handler could not load library /Applications/Unity/Hub/Editor/2020.3.27f1/Unity.app/Contents/Frameworks/Mono/lib/libadvapi32.dll.so
Fallback handler could not load library /Applications/Unity/Hub/Editor/2020.3.27f1/Unity.app/Contents/Frameworks/Mono/lib/libadvapi32.dll.bundle
Fallback handler could not load library /Applications/Unity/Hub/Editor/2020.3.27f1/Unity.app/Contents/Frameworks/Mono/lib/libadvapi32.dll
Mono: successfully reloaded assembly
- Completed reload, in  4.525 seconds
Domain Reload Profiling:
	ReloadAssembly (4531ms)
		BeginReloadAssembly (440ms)
			ExecutionOrderSort (0ms)
			DisableScriptedObjects (127ms)
			BackupInstance (0ms)
			ReleaseScriptingObjects (0ms)
			CreateAndSetChildDomain (145ms)
		EndReloadAssembly (3987ms)
			LoadAssemblies (262ms)
			RebuildTransferFunctionScriptingTraits (0ms)
			SetupTypeCache (387ms)
			ReleaseScriptCaches (1ms)
			RebuildScriptCaches (59ms)
			SetupLoadedEditorAssemblies (2924ms)
				LogAssemblyErrors (0ms)
				InitializePlatformSupportModulesInManaged (14ms)
				SetLoadedEditorAssemblies (1ms)
				RefreshPlugins (1ms)
				BeforeProcessingInitializeOnLoad (254ms)
				ProcessInitializeOnLoadAttributes (2568ms)
				ProcessInitializeOnLoadMethodAttributes (85ms)
				AfterProcessingInitializeOnLoad (1ms)
				EditorAssembliesLoaded (0ms)
			ExecutionOrderSort2 (0ms)
			AwakeInstancesAfterBackupRestoration (42ms)
Platform modules already initialized, skipping
Refreshing native plugins compatible for Editor in 0.83 ms, found 3 plugins.
Preloading 0 native plugins for Editor in 0.00 ms.
Unloading 2472 Unused Serialized files (Serialized files now loaded: 0)
System memory in use before: 271.3 MB.
System memory in use after: 271.4 MB.

Unloading 81 unused Assets to reduce memory usage. Loaded Objects now: 2980.
Total: 3.237959 ms (FindLiveObjects: 0.157167 ms CreateObjectMapping: 0.052042 ms MarkObjects: 2.805083 ms  DeleteObjects: 0.222625 ms)

AssetImportParameters requested are different than current active one (requested -> active):
  custom:video-decoder-ogg-theora: a1e56fd34408186e4bbccfd4996cb3dc -> 
  custom:container-muxer-webm: aa71ff27fc2769a1b78a27578f13a17b -> 
  custom:container-demuxer-webm: 4f35f7cbe854078d1ac9338744f61a02 -> 
  custom:container-demuxer-ogg: 62fdf1f143b41e24485cea50d1cbac27 -> 
  custom:video-encoder-webm-vp8: eb34c28f22e8b96e1ab97ce403110664 -> 
  custom:framework-osx-AVFoundation: e770b220cccbd017edd2c1fefb359320 -> 
  custom:video-decoder-webm-vp8: 9c59270c3fd7afecdb556c50c9e8de78 -> 
  custom:audio-decoder-ogg-vorbis: bf7c407c2cedff20999df2af8eb42d56 -> 
  custom:audio-encoder-webm-vorbis: bf7c407c2cedff20999df2af8eb42d56 -> 
========================================================================
Received Import Request.
  Time since last request: 458.796247 seconds.
  path: Assets/Textures/desertrock.terrainlayer
  artifactKey: Guid(dca9cbd36c4924f149ec04c313389860) Importer(815301076,1909f56bfc062723c751e8b465ee728b)
Start importing Assets/Textures/desertrock.terrainlayer using Guid(dca9cbd36c4924f149ec04c313389860) Importer(815301076,1909f56bfc062723c751e8b465ee728b)  -> (artifact id: 'd2c97b5e639b9fc6b62d57e38b574b7c') in 0.116759 seconds 
  Import took 0.123792 seconds .

========================================================================
Received Prepare
Registering precompiled user dll's ...
Registered in 0.013599 seconds.
Begin MonoManager ReloadAssembly
Native extension for WindowsStandalone target not found
Native extension for OSXStandalone target not found
Refreshing native plugins compatible for Editor in 0.76 ms, found 3 plugins.
Preloading 0 native plugins for Editor in 0.00 ms.
2022-04-18 15:04:14.059 Unity[14855:5808680] NSEventModifierFlagFunction specified to -setKeyEquivalentModifierMask: for item <NSMenuItem: 0x600003a59420 Font Asset, ke='Command-F12'>, but is only supported for system-provided menu items; will not be used
Refreshing native plugins compatible for Editor in 0.77 ms, found 3 plugins.
Fallback handler could not load library /Applications/Unity/Hub/Editor/2020.3.27f1/Unity.app/Contents/Frameworks/Mono/lib/libadvapi32.dll
Fallback handler could not load library /Applications/Unity/Hub/Editor/2020.3.27f1/Unity.app/Contents/Frameworks/Mono/lib/libadvapi32.dll.dylib
Fallback handler could not load library /Applications/Unity/Hub/Editor/2020.3.27f1/Unity.app/Contents/Frameworks/Mono/lib/libadvapi32.dll.so
Fallback handler could not load library /Applications/Unity/Hub/Editor/2020.3.27f1/Unity.app/Contents/Frameworks/Mono/lib/libadvapi32.dll.bundle
Fallback handler could not load library /Applications/Unity/Hub/Editor/2020.3.27f1/Unity.app/Contents/Frameworks/Mono/lib/advapi32.dll
Fallback handler could not load library /Applications/Unity/Hub/Editor/2020.3.27f1/Unity.app/Contents/Frameworks/Mono/lib/libadvapi32
Fallback handler could not load library /Applications/Unity/Hub/Editor/2020.3.27f1/Unity.app/Contents/Frameworks/Mono/lib/libadvapi32.dylib
Fallback handler could not load library /Applications/Unity/Hub/Editor/2020.3.27f1/Unity.app/Contents/Frameworks/Mono/lib/libadvapi32.so
Fallback handler could not load library /Applications/Unity/Hub/Editor/2020.3.27f1/Unity.app/Contents/Frameworks/Mono/lib/libadvapi32.bundle
Fallback handler could not load library /Applications/Unity/Hub/Editor/2020.3.27f1/Unity.app/Contents/Frameworks/Mono/lib/advapi32
Fallback handler could not load library /Applications/Unity/Hub/Editor/2020.3.27f1/Unity.app/Contents/Frameworks/Mono/lib/libadvapi32.dll
Fallback handler could not load library /Applications/Unity/Hub/Editor/2020.3.27f1/Unity.app/Contents/Frameworks/Mono/lib/libadvapi32.dll.dylib
Fallback handler could not load library /Applications/Unity/Hub/Editor/2020.3.27f1/Unity.app/Contents/Frameworks/Mono/lib/libadvapi32.dll.so
Fallback handler could not load library /Applications/Unity/Hub/Editor/2020.3.27f1/Unity.app/Contents/Frameworks/Mono/lib/libadvapi32.dll.bundle
Fallback handler could not load library /Applications/Unity/Hub/Editor/2020.3.27f1/Unity.app/Contents/Frameworks/Mono/lib/libadvapi32.dll
Mono: successfully reloaded assembly
- Completed reload, in  3.950 seconds
Domain Reload Profiling:
	ReloadAssembly (3952ms)
		BeginReloadAssembly (337ms)
			ExecutionOrderSort (0ms)
			DisableScriptedObjects (36ms)
			BackupInstance (0ms)
			ReleaseScriptingObjects (0ms)
			CreateAndSetChildDomain (135ms)
		EndReloadAssembly (3523ms)
			LoadAssemblies (242ms)
			RebuildTransferFunctionScriptingTraits (0ms)
			SetupTypeCache (372ms)
			ReleaseScriptCaches (1ms)
			RebuildScriptCaches (59ms)
			SetupLoadedEditorAssemblies (2571ms)
				LogAssemblyErrors (0ms)
				InitializePlatformSupportModulesInManaged (12ms)
				SetLoadedEditorAssemblies (1ms)
				RefreshPlugins (1ms)
				BeforeProcessingInitializeOnLoad (232ms)
				ProcessInitializeOnLoadAttributes (2245ms)
				ProcessInitializeOnLoadMethodAttributes (78ms)
				AfterProcessingInitializeOnLoad (1ms)
				EditorAssembliesLoaded (0ms)
			ExecutionOrderSort2 (0ms)
			AwakeInstancesAfterBackupRestoration (31ms)
Platform modules already initialized, skipping
Refreshing native plugins compatible for Editor in 0.76 ms, found 3 plugins.
Preloading 0 native plugins for Editor in 0.00 ms.
Unloading 2472 Unused Serialized files (Serialized files now loaded: 0)
System memory in use before: 271.6 MB.
System memory in use after: 271.7 MB.

Unloading 65 unused Assets to reduce memory usage. Loaded Objects now: 2982.
Total: 3.219166 ms (FindLiveObjects: 0.128750 ms CreateObjectMapping: 0.055042 ms MarkObjects: 2.821708 ms  DeleteObjects: 0.212875 ms)

AssetImportParameters requested are different than current active one (requested -> active):
  custom:video-decoder-ogg-theora: a1e56fd34408186e4bbccfd4996cb3dc -> 
  custom:container-muxer-webm: aa71ff27fc2769a1b78a27578f13a17b -> 
  custom:container-demuxer-webm: 4f35f7cbe854078d1ac9338744f61a02 -> 
  custom:container-demuxer-ogg: 62fdf1f143b41e24485cea50d1cbac27 -> 
  custom:video-encoder-webm-vp8: eb34c28f22e8b96e1ab97ce403110664 -> 
  custom:framework-osx-AVFoundation: e770b220cccbd017edd2c1fefb359320 -> 
  custom:video-decoder-webm-vp8: 9c59270c3fd7afecdb556c50c9e8de78 -> 
  custom:audio-decoder-ogg-vorbis: bf7c407c2cedff20999df2af8eb42d56 -> 
  custom:audio-encoder-webm-vorbis: bf7c407c2cedff20999df2af8eb42d56 -> 
========================================================================
Received Prepare
Refreshing native plugins compatible for Editor in 16.50 ms, found 3 plugins.
Preloading 0 native plugins for Editor in 0.00 ms.
Unloading 62 Unused Serialized files (Serialized files now loaded: 0)
System memory in use before: 223.0 MB.
System memory in use after: 223.0 MB.

Unloading 62 unused Assets to reduce memory usage. Loaded Objects now: 2982.
Total: 10.353542 ms (FindLiveObjects: 0.236917 ms CreateObjectMapping: 0.055458 ms MarkObjects: 9.806708 ms  DeleteObjects: 0.253542 ms)

AssetImportParameters requested are different than current active one (requested -> active):
  custom:video-decoder-ogg-theora: a1e56fd34408186e4bbccfd4996cb3dc -> 
  custom:container-muxer-webm: aa71ff27fc2769a1b78a27578f13a17b -> 
  custom:container-demuxer-webm: 4f35f7cbe854078d1ac9338744f61a02 -> 
  custom:container-demuxer-ogg: 62fdf1f143b41e24485cea50d1cbac27 -> 
  custom:video-encoder-webm-vp8: eb34c28f22e8b96e1ab97ce403110664 -> 
  custom:framework-osx-AVFoundation: e770b220cccbd017edd2c1fefb359320 -> 
  custom:video-decoder-webm-vp8: 9c59270c3fd7afecdb556c50c9e8de78 -> 
  custom:audio-decoder-ogg-vorbis: bf7c407c2cedff20999df2af8eb42d56 -> 
  custom:audio-encoder-webm-vorbis: bf7c407c2cedff20999df2af8eb42d56 -> 
========================================================================
Received Prepare
Registering precompiled user dll's ...
Registered in 0.009314 seconds.
Begin MonoManager ReloadAssembly
Native extension for WindowsStandalone target not found
Native extension for OSXStandalone target not found
Refreshing native plugins compatible for Editor in 0.95 ms, found 3 plugins.
Preloading 0 native plugins for Editor in 0.00 ms.
2022-04-18 15:06:40.246 Unity[14855:5808680] NSEventModifierFlagFunction specified to -setKeyEquivalentModifierMask: for item <NSMenuItem: 0x600003a5e0d0 Font Asset, ke='Command-F12'>, but is only supported for system-provided menu items; will not be used
Refreshing native plugins compatible for Editor in 0.82 ms, found 3 plugins.
Fallback handler could not load library /Applications/Unity/Hub/Editor/2020.3.27f1/Unity.app/Contents/Frameworks/Mono/lib/libadvapi32.dll
Fallback handler could not load library /Applications/Unity/Hub/Editor/2020.3.27f1/Unity.app/Contents/Frameworks/Mono/lib/libadvapi32.dll.dylib
Fallback handler could not load library /Applications/Unity/Hub/Editor/2020.3.27f1/Unity.app/Contents/Frameworks/Mono/lib/libadvapi32.dll.so
Fallback handler could not load library /Applications/Unity/Hub/Editor/2020.3.27f1/Unity.app/Contents/Frameworks/Mono/lib/libadvapi32.dll.bundle
Fallback handler could not load library /Applications/Unity/Hub/Editor/2020.3.27f1/Unity.app/Contents/Frameworks/Mono/lib/advapi32.dll
Fallback handler could not load library /Applications/Unity/Hub/Editor/2020.3.27f1/Unity.app/Contents/Frameworks/Mono/lib/libadvapi32
Fallback handler could not load library /Applications/Unity/Hub/Editor/2020.3.27f1/Unity.app/Contents/Frameworks/Mono/lib/libadvapi32.dylib
Fallback handler could not load library /Applications/Unity/Hub/Editor/2020.3.27f1/Unity.app/Contents/Frameworks/Mono/lib/libadvapi32.so
Fallback handler could not load library /Applications/Unity/Hub/Editor/2020.3.27f1/Unity.app/Contents/Frameworks/Mono/lib/libadvapi32.bundle
Fallback handler could not load library /Applications/Unity/Hub/Editor/2020.3.27f1/Unity.app/Contents/Frameworks/Mono/lib/advapi32
Fallback handler could not load library /Applications/Unity/Hub/Editor/2020.3.27f1/Unity.app/Contents/Frameworks/Mono/lib/libadvapi32.dll
Fallback handler could not load library /Applications/Unity/Hub/Editor/2020.3.27f1/Unity.app/Contents/Frameworks/Mono/lib/libadvapi32.dll.dylib
Fallback handler could not load library /Applications/Unity/Hub/Editor/2020.3.27f1/Unity.app/Contents/Frameworks/Mono/lib/libadvapi32.dll.so
Fallback handler could not load library /Applications/Unity/Hub/Editor/2020.3.27f1/Unity.app/Contents/Frameworks/Mono/lib/libadvapi32.dll.bundle
Fallback handler could not load library /Applications/Unity/Hub/Editor/2020.3.27f1/Unity.app/Contents/Frameworks/Mono/lib/libadvapi32.dll
Mono: successfully reloaded assembly
- Completed reload, in  4.166 seconds
Domain Reload Profiling:
	ReloadAssembly (4174ms)
		BeginReloadAssembly (326ms)
			ExecutionOrderSort (0ms)
			DisableScriptedObjects (34ms)
			BackupInstance (0ms)
			ReleaseScriptingObjects (0ms)
			CreateAndSetChildDomain (142ms)
		EndReloadAssembly (3744ms)
			LoadAssemblies (232ms)
			RebuildTransferFunctionScriptingTraits (0ms)
			SetupTypeCache (378ms)
			ReleaseScriptCaches (1ms)
			RebuildScriptCaches (55ms)
			SetupLoadedEditorAssemblies (2759ms)
				LogAssemblyErrors (0ms)
				InitializePlatformSupportModulesInManaged (15ms)
				SetLoadedEditorAssemblies (1ms)
				RefreshPlugins (1ms)
				BeforeProcessingInitializeOnLoad (248ms)
				ProcessInitializeOnLoadAttributes (2416ms)
				ProcessInitializeOnLoadMethodAttributes (77ms)
				AfterProcessingInitializeOnLoad (1ms)
				EditorAssembliesLoaded (0ms)
			ExecutionOrderSort2 (0ms)
			AwakeInstancesAfterBackupRestoration (36ms)
Platform modules already initialized, skipping
Refreshing native plugins compatible for Editor in 0.77 ms, found 3 plugins.
Preloading 0 native plugins for Editor in 0.00 ms.
Unloading 2472 Unused Serialized files (Serialized files now loaded: 0)
System memory in use before: 271.9 MB.
System memory in use after: 272.0 MB.

Unloading 65 unused Assets to reduce memory usage. Loaded Objects now: 2984.
Total: 3.258709 ms (FindLiveObjects: 0.141833 ms CreateObjectMapping: 0.053792 ms MarkObjects: 2.821458 ms  DeleteObjects: 0.240542 ms)

AssetImportParameters requested are different than current active one (requested -> active):
  custom:video-decoder-ogg-theora: a1e56fd34408186e4bbccfd4996cb3dc -> 
  custom:container-muxer-webm: aa71ff27fc2769a1b78a27578f13a17b -> 
  custom:container-demuxer-webm: 4f35f7cbe854078d1ac9338744f61a02 -> 
  custom:container-demuxer-ogg: 62fdf1f143b41e24485cea50d1cbac27 -> 
  custom:video-encoder-webm-vp8: eb34c28f22e8b96e1ab97ce403110664 -> 
  custom:framework-osx-AVFoundation: e770b220cccbd017edd2c1fefb359320 -> 
  custom:video-decoder-webm-vp8: 9c59270c3fd7afecdb556c50c9e8de78 -> 
  custom:audio-decoder-ogg-vorbis: bf7c407c2cedff20999df2af8eb42d56 -> 
  custom:audio-encoder-webm-vorbis: bf7c407c2cedff20999df2af8eb42d56 -> 
========================================================================
Received Prepare
Refreshing native plugins compatible for Editor in 5.38 ms, found 3 plugins.
Preloading 0 native plugins for Editor in 0.00 ms.
Unloading 62 Unused Serialized files (Serialized files now loaded: 0)
System memory in use before: 223.3 MB.
System memory in use after: 223.4 MB.

Unloading 62 unused Assets to reduce memory usage. Loaded Objects now: 2984.
Total: 2.948375 ms (FindLiveObjects: 0.113250 ms CreateObjectMapping: 0.048792 ms MarkObjects: 2.597916 ms  DeleteObjects: 0.187833 ms)

AssetImportParameters requested are different than current active one (requested -> active):
  custom:video-decoder-ogg-theora: a1e56fd34408186e4bbccfd4996cb3dc -> 
  custom:container-muxer-webm: aa71ff27fc2769a1b78a27578f13a17b -> 
  custom:container-demuxer-webm: 4f35f7cbe854078d1ac9338744f61a02 -> 
  custom:container-demuxer-ogg: 62fdf1f143b41e24485cea50d1cbac27 -> 
  custom:video-encoder-webm-vp8: eb34c28f22e8b96e1ab97ce403110664 -> 
  custom:framework-osx-AVFoundation: e770b220cccbd017edd2c1fefb359320 -> 
  custom:video-decoder-webm-vp8: 9c59270c3fd7afecdb556c50c9e8de78 -> 
  custom:audio-decoder-ogg-vorbis: bf7c407c2cedff20999df2af8eb42d56 -> 
  custom:audio-encoder-webm-vorbis: bf7c407c2cedff20999df2af8eb42d56 -> 
========================================================================
Received Prepare
Refreshing native plugins compatible for Editor in 19.32 ms, found 3 plugins.
Preloading 0 native plugins for Editor in 0.00 ms.
Unloading 62 Unused Serialized files (Serialized files now loaded: 0)
System memory in use before: 223.3 MB.
System memory in use after: 223.4 MB.

Unloading 62 unused Assets to reduce memory usage. Loaded Objects now: 2984.
Total: 24.159250 ms (FindLiveObjects: 0.288708 ms CreateObjectMapping: 0.052833 ms MarkObjects: 23.543375 ms  DeleteObjects: 0.273167 ms)

AssetImportParameters requested are different than current active one (requested -> active):
  custom:video-decoder-ogg-theora: a1e56fd34408186e4bbccfd4996cb3dc -> 
  custom:container-muxer-webm: aa71ff27fc2769a1b78a27578f13a17b -> 
  custom:container-demuxer-webm: 4f35f7cbe854078d1ac9338744f61a02 -> 
  custom:container-demuxer-ogg: 62fdf1f143b41e24485cea50d1cbac27 -> 
  custom:video-encoder-webm-vp8: eb34c28f22e8b96e1ab97ce403110664 -> 
  custom:framework-osx-AVFoundation: e770b220cccbd017edd2c1fefb359320 -> 
  custom:video-decoder-webm-vp8: 9c59270c3fd7afecdb556c50c9e8de78 -> 
  custom:audio-decoder-ogg-vorbis: bf7c407c2cedff20999df2af8eb42d56 -> 
  custom:audio-encoder-webm-vorbis: bf7c407c2cedff20999df2af8eb42d56 -> 
